<?xml version="1.0" encoding="UTF-8"?>
<!-- Generated by org.testng.reporters.JUnitReportReporter -->
<testsuite skipped="0" hostname="Laptop30" name="com.Appypie.testCases.HomePageTestCases" tests="7" failures="0" timestamp="17 Aug 2019 10:54:19 GMT" time="157.453" errors="0">
  <testcase name="loginTest" time="34.181" classname="com.Appypie.testCases.HomePageTestCases"/>
  <testcase name="checkLogoText" time="9.193" classname="com.Appypie.testCases.HomePageTestCases"/>
  <testcase name="languageIconTest" time="13.428" classname="com.Appypie.testCases.HomePageTestCases"/>
  <testcase name="changeLanguageTest" time="25.473" classname="com.Appypie.testCases.HomePageTestCases"/>
  <testcase name="logoClickTest" time="10.672" classname="com.Appypie.testCases.HomePageTestCases"/>
  <testcase name="signUpbtnTest" time="29.895" classname="com.Appypie.testCases.HomePageTestCases"/>
  <testcase name="appysearchtest" time="34.611" classname="com.Appypie.testCases.HomePageTestCases"/>
</testsuite> <!-- com.Appypie.testCases.HomePageTestCases -->
