<?xml version="1.0" encoding="UTF-8"?>
<!-- Generated by org.testng.reporters.JUnitReportReporter -->
<testsuite hostname="Shailendra" name="com.Appypie.testCases.HomePageTestCases" tests="6" failures="0" timestamp="20 Jul 2019 10:52:11 GMT" time="111.219" errors="0">
  <testcase name="checkLogoText" time="17.377" classname="com.Appypie.testCases.HomePageTestCases"/>
  <testcase name="languageIconTest" time="11.137" classname="com.Appypie.testCases.HomePageTestCases"/>
  <testcase name="changeLanguageTest" time="17.908" classname="com.Appypie.testCases.HomePageTestCases"/>
  <testcase name="signUpbtnTest" time="23.779" classname="com.Appypie.testCases.HomePageTestCases"/>
  <testcase name="loginTest" time="29.687" classname="com.Appypie.testCases.HomePageTestCases"/>
  <testcase name="logoClickTest" time="11.331" classname="com.Appypie.testCases.HomePageTestCases"/>
</testsuite> <!-- com.Appypie.testCases.HomePageTestCases -->
