<?xml version="1.0" encoding="UTF-8"?>
<!-- Generated by org.testng.reporters.JUnitReportReporter -->
<testsuite hostname="Shailendra" name="com.Appypie.testCases.HomePageTestCases" tests="6" failures="0" timestamp="20 Jul 2019 09:35:06 GMT" time="146.067" errors="0">
  <testcase name="languageIconTest" time="19.472" classname="com.Appypie.testCases.HomePageTestCases"/>
  <testcase name="changeLanguageTest" time="17.383" classname="com.Appypie.testCases.HomePageTestCases"/>
  <testcase name="checkLogoText" time="35.815" classname="com.Appypie.testCases.HomePageTestCases"/>
  <testcase name="logoClickTest" time="9.481" classname="com.Appypie.testCases.HomePageTestCases"/>
  <testcase name="signUpbtnTest" time="30.646" classname="com.Appypie.testCases.HomePageTestCases"/>
  <testcase name="loginTest" time="33.270" classname="com.Appypie.testCases.HomePageTestCases"/>
</testsuite> <!-- com.Appypie.testCases.HomePageTestCases -->
