<?xml version="1.0" encoding="UTF-8"?>
<!-- Generated by org.testng.reporters.JUnitReportReporter -->
<testsuite skipped="0" hostname="Laptop30" name="com.Appypie.testCases.forumpageTest" tests="1" failures="0" timestamp="12 Jun 2020 14:23:42 GMT" time="67.427" errors="0">
  <testcase name="addForumQuestionTest" time="67.427" classname="com.Appypie.testCases.forumpageTest"/>
</testsuite> <!-- com.Appypie.testCases.forumpageTest -->
