<?xml version="1.0" encoding="UTF-8"?>
<!-- Generated by org.testng.reporters.JUnitReportReporter -->
<testsuite skipped="0" hostname="Laptop30" name="com.Appypie.testCases.HomePageTestCases" tests="7" failures="0" timestamp="04 Oct 2019 07:25:59 GMT" time="122.969" errors="0">
  <testcase name="loginTest" time="24.842" classname="com.Appypie.testCases.HomePageTestCases"/>
  <testcase name="checkLogoText" time="7.694" classname="com.Appypie.testCases.HomePageTestCases"/>
  <testcase name="languageIconTest" time="8.258" classname="com.Appypie.testCases.HomePageTestCases"/>
  <testcase name="changeLanguageTest" time="18.743" classname="com.Appypie.testCases.HomePageTestCases"/>
  <testcase name="logoClickTest" time="7.609" classname="com.Appypie.testCases.HomePageTestCases"/>
  <testcase name="signUpbtnTest" time="16.484" classname="com.Appypie.testCases.HomePageTestCases"/>
  <testcase name="appysearchtest" time="39.339" classname="com.Appypie.testCases.HomePageTestCases"/>
</testsuite> <!-- com.Appypie.testCases.HomePageTestCases -->
