<?xml version="1.0" encoding="UTF-8"?>
<!-- Generated by org.testng.reporters.JUnitReportReporter -->
<testsuite skipped="0" hostname="Laptop30" name="com.Appypie.testCases.HomePageTestCases" tests="6" failures="0" timestamp="03 Aug 2019 05:54:26 GMT" time="88.463" errors="0">
  <testcase name="loginTest" time="23.024" classname="com.Appypie.testCases.HomePageTestCases"/>
  <testcase name="checkLogoText" time="6.781" classname="com.Appypie.testCases.HomePageTestCases"/>
  <testcase name="languageIconTest" time="6.829" classname="com.Appypie.testCases.HomePageTestCases"/>
  <testcase name="changeLanguageTest" time="20.532" classname="com.Appypie.testCases.HomePageTestCases"/>
  <testcase name="logoClickTest" time="7.594" classname="com.Appypie.testCases.HomePageTestCases"/>
  <testcase name="signUpbtnTest" time="23.703" classname="com.Appypie.testCases.HomePageTestCases"/>
</testsuite> <!-- com.Appypie.testCases.HomePageTestCases -->
