<?xml version="1.0" encoding="UTF-8"?>
<!-- Generated by org.testng.reporters.JUnitReportReporter -->
<testsuite hostname="Shailendra" name="com.Appypie.testCases.HomePageTestCases" tests="6" failures="0" timestamp="21 Jul 2019 07:45:58 GMT" time="94.881" errors="0">
  <testcase name="languageIconTest" time="9.011" classname="com.Appypie.testCases.HomePageTestCases"/>
  <testcase name="loginTest" time="25.138" classname="com.Appypie.testCases.HomePageTestCases"/>
  <testcase name="logoClickTest" time="9.191" classname="com.Appypie.testCases.HomePageTestCases"/>
  <testcase name="checkLogoText" time="12.299" classname="com.Appypie.testCases.HomePageTestCases"/>
  <testcase name="changeLanguageTest" time="14.050" classname="com.Appypie.testCases.HomePageTestCases"/>
  <testcase name="signUpbtnTest" time="25.192" classname="com.Appypie.testCases.HomePageTestCases"/>
</testsuite> <!-- com.Appypie.testCases.HomePageTestCases -->
