<?xml version="1.0" encoding="UTF-8"?>
<!-- Generated by org.testng.reporters.JUnitReportReporter -->
<testsuite hostname="Shailendra" name="com.Appypie.testCases.HomePageTestCases" tests="1" failures="0" timestamp="7 Jul 2019 14:22:01 GMT" time="15.676" errors="0">
  <testcase name="loginTest" time="15.676" classname="com.Appypie.testCases.HomePageTestCases"/>
</testsuite> <!-- com.Appypie.testCases.HomePageTestCases -->
