<?xml version="1.0" encoding="UTF-8"?>
<!-- Generated by org.testng.reporters.JUnitReportReporter -->
<testsuite skipped="0" hostname="Laptop30" name="com.Appypie.testCases.forumpageTest" tests="1" failures="0" timestamp="15 May 2020 10:58:41 GMT" time="11.787" errors="0">
  <testcase name="getallelements" time="11.787" classname="com.Appypie.testCases.forumpageTest"/>
</testsuite> <!-- com.Appypie.testCases.forumpageTest -->
