<?xml version="1.0" encoding="UTF-8"?>
<!-- Generated by org.testng.reporters.JUnitReportReporter -->
<testsuite skipped="0" hostname="Laptop30" name="com.Appypie.testCases.HomePageTestCases" tests="4" failures="0" timestamp="02 Apr 2020 05:25:05 GMT" time="131.103" errors="0">
  <testcase name="creatorbtntest" time="37.569" classname="com.Appypie.testCases.HomePageTestCases"/>
  <testcase name="loginTest" time="33.818" classname="com.Appypie.testCases.HomePageTestCases"/>
  <testcase name="logoClickTest" time="27.309" classname="com.Appypie.testCases.HomePageTestCases"/>
  <testcase name="signUpbtnTabTest" time="32.407" classname="com.Appypie.testCases.HomePageTestCases"/>
</testsuite> <!-- com.Appypie.testCases.HomePageTestCases -->
