<?xml version="1.0" encoding="UTF-8"?>
<!-- Generated by org.testng.reporters.JUnitReportReporter -->
<testsuite skipped="0" hostname="Laptop30" name="com.Appypie.testCases.HomePageTestCases" tests="5" failures="0" timestamp="06 Apr 2020 05:17:30 GMT" time="105.416" errors="0">
  <testcase name="connectDomainTest" time="18.583" classname="com.Appypie.testCases.HomePageTestCases"/>
  <testcase name="loginTest" time="27.836" classname="com.Appypie.testCases.HomePageTestCases"/>
  <testcase name="logoClickTest" time="16.566" classname="com.Appypie.testCases.HomePageTestCases"/>
  <testcase name="signUpbtnTabTest" time="21.446" classname="com.Appypie.testCases.HomePageTestCases"/>
  <testcase name="creatorbtntest" time="20.985" classname="com.Appypie.testCases.HomePageTestCases"/>
</testsuite> <!-- com.Appypie.testCases.HomePageTestCases -->
