<?xml version="1.0" encoding="UTF-8"?>
<!-- Generated by org.testng.reporters.JUnitReportReporter -->
<testsuite skipped="0" hostname="Laptop30" name="com.Appypie.testCases.HomePageTestCases" tests="7" failures="0" timestamp="02 Oct 2019 10:28:40 GMT" time="120.399" errors="0">
  <testcase name="changeLanguageTest" time="20.156" classname="com.Appypie.testCases.HomePageTestCases"/>
  <testcase name="logoClickTest" time="9.349" classname="com.Appypie.testCases.HomePageTestCases"/>
  <testcase name="signUpbtnTest" time="18.132" classname="com.Appypie.testCases.HomePageTestCases"/>
  <testcase name="appysearchtest" time="34.331" classname="com.Appypie.testCases.HomePageTestCases"/>
  <testcase name="languageIconTest" time="8.232" classname="com.Appypie.testCases.HomePageTestCases"/>
  <testcase name="checkLogoText" time="8.496" classname="com.Appypie.testCases.HomePageTestCases"/>
  <testcase name="loginTest" time="21.703" classname="com.Appypie.testCases.HomePageTestCases"/>
</testsuite> <!-- com.Appypie.testCases.HomePageTestCases -->
