<?xml version="1.0" encoding="UTF-8"?>
<!-- Generated by org.testng.reporters.JUnitReportReporter -->
<testsuite skipped="0" hostname="Laptop30" name="com.Appypie.testCases.HomePageTestCases" tests="8" failures="0" timestamp="23 Nov 2019 11:58:17 GMT" time="178.502" errors="0">
  <testcase name="creatorbtntest" time="19.801" classname="com.Appypie.testCases.HomePageTestCases"/>
  <testcase name="signUpbtnTest" time="22.877" classname="com.Appypie.testCases.HomePageTestCases"/>
  <testcase name="logoClickTest" time="12.879" classname="com.Appypie.testCases.HomePageTestCases"/>
  <testcase name="changeLanguageTest" time="24.171" classname="com.Appypie.testCases.HomePageTestCases"/>
  <testcase name="languageIconTest" time="12.375" classname="com.Appypie.testCases.HomePageTestCases"/>
  <testcase name="checkLogoText" time="15.694" classname="com.Appypie.testCases.HomePageTestCases"/>
  <testcase name="appysearchtest" time="37.885" classname="com.Appypie.testCases.HomePageTestCases"/>
  <testcase name="loginTest" time="32.820" classname="com.Appypie.testCases.HomePageTestCases"/>
</testsuite> <!-- com.Appypie.testCases.HomePageTestCases -->
