<?xml version="1.0" encoding="UTF-8"?>
<!-- Generated by org.testng.reporters.JUnitReportReporter -->
<testsuite skipped="0" hostname="Laptop30" name="com.Appypie.testCases.HomePageTestCases" tests="7" failures="0" timestamp="05 Oct 2019 06:44:48 GMT" time="123.790" errors="0">
  <testcase name="changeLanguageTest" time="21.872" classname="com.Appypie.testCases.HomePageTestCases"/>
  <testcase name="logoClickTest" time="10.445" classname="com.Appypie.testCases.HomePageTestCases"/>
  <testcase name="signUpbtnTest" time="18.218" classname="com.Appypie.testCases.HomePageTestCases"/>
  <testcase name="appysearchtest" time="34.125" classname="com.Appypie.testCases.HomePageTestCases"/>
  <testcase name="languageIconTest" time="8.359" classname="com.Appypie.testCases.HomePageTestCases"/>
  <testcase name="checkLogoText" time="8.599" classname="com.Appypie.testCases.HomePageTestCases"/>
  <testcase name="loginTest" time="22.172" classname="com.Appypie.testCases.HomePageTestCases"/>
</testsuite> <!-- com.Appypie.testCases.HomePageTestCases -->
